<?xml version="1.0" encoding="UTF-8"?>
<!-- Generated by org.testng.reporters.JUnitReportReporter -->
<testsuite hostname="adiwindowsvm" failures="0" tests="1" name="ma3q1.NewTest" time="0.003" errors="0" timestamp="2024-03-11T14:11:30 UTC" skipped="0">
  <testcase classname="ma3q1.NewTest" name="f" time="0.003"/>
</testsuite> <!-- ma3q1.NewTest -->
